# JRE version: Java(TM) SE Runtime Environment (23.0.1+11) (build 23.0.1+11-39)
# Java VM: Java HotSpot(TM) 64-Bit Server VM (23.0.1+11-39, mixed mode, sharing, tiered, compressed oops, compressed class ptrs, g1 gc, windows-amd64)
GC Precious Log:
 CardTable entry size: 512
 Card Set container configuration: InlinePtr #cards 4 size 8 Array Of Cards #cards 32 size 80 Howl #buckets 8 coarsen threshold 7372 Howl Bitmap #cards 1024 size 144 coarsen threshold 921 Card regions per heap region 1 cards per card region 8192
 CPUs: 16 total, 16 available
 Memory: 16051M
 Large Page Support: Disabled
 NUMA Support: Disabled
 Compressed Oops: Enabled (Zero based)
 Heap Region Size: 4M
 Heap Min Capacity: 8M
 Heap Initial Capacity: 252M
 Heap Max Capacity: 8G
 Pre-touch: Disabled
 Parallel Workers: 13
 Concurrent Workers: 3
 Concurrent Refinement Workers: 13
 Periodic GC: Disabled
Heap:
 garbage-first heap   total reserved 8388608K, committed 331776K, used 287989K [0x0000000600000000, 0x0000000800000000)
  region size 4096K, 31 young (126976K), 3 survivors (12288K)
 Metaspace       used 119697K, committed 122368K, reserved 1179648K
  class space    used 17207K, committed 18432K, reserved 1048576K
GC Heap History (20 events):
Event: 14.795 GC heap before
{Heap before GC invocations=36 (full 0):
 garbage-first heap   total reserved 8388608K, committed 327680K, used 244986K [0x0000000600000000, 0x0000000800000000)
  region size 4096K, 39 young (159744K), 2 survivors (8192K)
 Metaspace       used 91515K, committed 93760K, reserved 1179648K
  class space    used 13151K, committed 14208K, reserved 1048576K
}
Event: 14.807 GC heap after
{Heap after GC invocations=37 (full 0):
 garbage-first heap   total reserved 8388608K, committed 327680K, used 107463K [0x0000000600000000, 0x0000000800000000)
  region size 4096K, 4 young (16384K), 4 survivors (16384K)
 Metaspace       used 91515K, committed 93760K, reserved 1179648K
  class space    used 13151K, committed 14208K, reserved 1048576K
}
Event: 16.101 GC heap before
{Heap before GC invocations=37 (full 0):
 garbage-first heap   total reserved 8388608K, committed 327680K, used 230343K [0x0000000600000000, 0x0000000800000000)
  region size 4096K, 34 young (139264K), 4 survivors (16384K)
 Metaspace       used 98126K, committed 100416K, reserved 1179648K
  class space    used 14206K, committed 15296K, reserved 1048576K
}
Event: 16.110 GC heap after
{Heap after GC invocations=38 (full 0):
 garbage-first heap   total reserved 8388608K, committed 327680K, used 114920K [0x0000000600000000, 0x0000000800000000)
  region size 4096K, 5 young (20480K), 5 survivors (20480K)
 Metaspace       used 98126K, committed 100416K, reserved 1179648K
  class space    used 14206K, committed 15296K, reserved 1048576K
}
Event: 17.340 GC heap before
{Heap before GC invocations=38 (full 0):
 garbage-first heap   total reserved 8388608K, committed 327680K, used 245992K [0x0000000600000000, 0x0000000800000000)
  region size 4096K, 37 young (151552K), 5 survivors (20480K)
 Metaspace       used 104063K, committed 106432K, reserved 1179648K
  class space    used 15005K, committed 16128K, reserved 1048576K
}
Event: 17.349 GC heap after
{Heap after GC invocations=39 (full 0):
 garbage-first heap   total reserved 8388608K, committed 327680K, used 122408K [0x0000000600000000, 0x0000000800000000)
  region size 4096K, 4 young (16384K), 4 survivors (16384K)
 Metaspace       used 104063K, committed 106432K, reserved 1179648K
  class space    used 15005K, committed 16128K, reserved 1048576K
}
Event: 18.010 GC heap before
{Heap before GC invocations=39 (full 0):
 garbage-first heap   total reserved 8388608K, committed 327680K, used 253480K [0x0000000600000000, 0x0000000800000000)
  region size 4096K, 37 young (151552K), 4 survivors (16384K)
 Metaspace       used 105488K, committed 107840K, reserved 1179648K
  class space    used 15254K, committed 16384K, reserved 1048576K
}
Event: 18.020 GC heap after
{Heap after GC invocations=40 (full 0):
 garbage-first heap   total reserved 8388608K, committed 327680K, used 131541K [0x0000000600000000, 0x0000000800000000)
  region size 4096K, 5 young (20480K), 5 survivors (20480K)
 Metaspace       used 105488K, committed 107840K, reserved 1179648K
  class space    used 15254K, committed 16384K, reserved 1048576K
}
Event: 18.916 GC heap before
{Heap before GC invocations=40 (full 0):
 garbage-first heap   total reserved 8388608K, committed 327680K, used 266709K [0x0000000600000000, 0x0000000800000000)
  region size 4096K, 38 young (155648K), 5 survivors (20480K)
 Metaspace       used 107539K, committed 110016K, reserved 1179648K
  class space    used 15523K, committed 16704K, reserved 1048576K
}
Event: 18.924 GC heap after
{Heap after GC invocations=41 (full 0):
 garbage-first heap   total reserved 8388608K, committed 327680K, used 140785K [0x0000000600000000, 0x0000000800000000)
  region size 4096K, 3 young (12288K), 3 survivors (12288K)
 Metaspace       used 107539K, committed 110016K, reserved 1179648K
  class space    used 15523K, committed 16704K, reserved 1048576K
}
Event: 94.456 GC heap before
{Heap before GC invocations=41 (full 0):
 garbage-first heap   total reserved 8388608K, committed 327680K, used 271857K [0x0000000600000000, 0x0000000800000000)
  region size 4096K, 36 young (147456K), 3 survivors (12288K)
 Metaspace       used 109291K, committed 111872K, reserved 1179648K
  class space    used 15770K, committed 17024K, reserved 1048576K
}
Event: 94.464 GC heap after
{Heap after GC invocations=42 (full 0):
 garbage-first heap   total reserved 8388608K, committed 327680K, used 150616K [0x0000000600000000, 0x0000000800000000)
  region size 4096K, 5 young (20480K), 5 survivors (20480K)
 Metaspace       used 109291K, committed 111872K, reserved 1179648K
  class space    used 15770K, committed 17024K, reserved 1048576K
}
Event: 95.351 GC heap before
{Heap before GC invocations=42 (full 0):
 garbage-first heap   total reserved 8388608K, committed 327680K, used 281688K [0x0000000600000000, 0x0000000800000000)
  region size 4096K, 37 young (151552K), 5 survivors (20480K)
 Metaspace       used 109643K, committed 112256K, reserved 1179648K
  class space    used 15789K, committed 17024K, reserved 1048576K
}
Event: 95.361 GC heap after
{Heap after GC invocations=43 (full 0):
 garbage-first heap   total reserved 8388608K, committed 327680K, used 159827K [0x0000000600000000, 0x0000000800000000)
  region size 4096K, 3 young (12288K), 3 survivors (12288K)
 Metaspace       used 109643K, committed 112256K, reserved 1179648K
  class space    used 15789K, committed 17024K, reserved 1048576K
}
Event: 96.684 GC heap before
{Heap before GC invocations=43 (full 0):
 garbage-first heap   total reserved 8388608K, committed 327680K, used 282707K [0x0000000600000000, 0x0000000800000000)
  region size 4096K, 33 young (135168K), 3 survivors (12288K)
 Metaspace       used 111570K, committed 114240K, reserved 1179648K
  class space    used 16079K, committed 17344K, reserved 1048576K
}
Event: 96.693 GC heap after
{Heap after GC invocations=44 (full 0):
 garbage-first heap   total reserved 8388608K, committed 327680K, used 168777K [0x0000000600000000, 0x0000000800000000)
  region size 4096K, 5 young (20480K), 5 survivors (20480K)
 Metaspace       used 111570K, committed 114240K, reserved 1179648K
  class space    used 16079K, committed 17344K, reserved 1048576K
}
Event: 98.334 GC heap before
{Heap before GC invocations=45 (full 0):
 garbage-first heap   total reserved 8388608K, committed 327680K, used 287561K [0x0000000600000000, 0x0000000800000000)
  region size 4096K, 34 young (139264K), 5 survivors (20480K)
 Metaspace       used 116159K, committed 118784K, reserved 1179648K
  class space    used 16785K, committed 18048K, reserved 1048576K
}
Event: 98.346 GC heap after
{Heap after GC invocations=46 (full 0):
 garbage-first heap   total reserved 8388608K, committed 327680K, used 179949K [0x0000000600000000, 0x0000000800000000)
  region size 4096K, 3 young (12288K), 3 survivors (12288K)
 Metaspace       used 116159K, committed 118784K, reserved 1179648K
  class space    used 16785K, committed 18048K, reserved 1048576K
}
Event: 100.046 GC heap before
{Heap before GC invocations=46 (full 0):
 garbage-first heap   total reserved 8388608K, committed 327680K, used 294637K [0x0000000600000000, 0x0000000800000000)
  region size 4096K, 31 young (126976K), 3 survivors (12288K)
 Metaspace       used 119489K, committed 122112K, reserved 1179648K
  class space    used 17201K, committed 18432K, reserved 1048576K
}
Event: 100.058 GC heap after
{Heap after GC invocations=47 (full 0):
 garbage-first heap   total reserved 8388608K, committed 331776K, used 177397K [0x0000000600000000, 0x0000000800000000)
  region size 4096K, 3 young (12288K), 3 survivors (12288K)
 Metaspace       used 119489K, committed 122112K, reserved 1179648K
  class space    used 17201K, committed 18432K, reserved 1048576K
}

