# JRE version: Java(TM) SE Runtime Environment (23.0.1+11) (build 23.0.1+11-39)
# Java VM: Java HotSpot(TM) 64-Bit Server VM (23.0.1+11-39, mixed mode, sharing, tiered, compressed oops, compressed class ptrs, g1 gc, windows-amd64)
GC Precious Log:
 CardTable entry size: 512
 Card Set container configuration: InlinePtr #cards 4 size 8 Array Of Cards #cards 32 size 80 Howl #buckets 8 coarsen threshold 7372 Howl Bitmap #cards 1024 size 144 coarsen threshold 921 Card regions per heap region 1 cards per card region 8192
 CPUs: 16 total, 16 available
 Memory: 16051M
 Large Page Support: Disabled
 NUMA Support: Disabled
 Compressed Oops: Enabled (Zero based)
 Heap Region Size: 4M
 Heap Min Capacity: 8M
 Heap Initial Capacity: 252M
 Heap Max Capacity: 8G
 Pre-touch: Disabled
 Parallel Workers: 13
 Concurrent Workers: 3
 Concurrent Refinement Workers: 13
 Periodic GC: Disabled
Heap:
 garbage-first heap   total reserved 8388608K, committed 118784K, used 83145K [0x0000000600000000, 0x0000000800000000)
  region size 4096K, 7 young (28672K), 1 survivors (4096K)
 Metaspace       used 67494K, committed 69568K, reserved 1114112K
  class space    used 9875K, committed 10880K, reserved 1048576K
GC Heap History (20 events):
Event: 5.538 GC heap before
{Heap before GC invocations=9 (full 0):
 garbage-first heap   total reserved 8388608K, committed 98304K, used 65734K [0x0000000600000000, 0x0000000800000000)
  region size 4096K, 11 young (45056K), 2 survivors (8192K)
 Metaspace       used 36910K, committed 37952K, reserved 1114112K
  class space    used 5277K, committed 5760K, reserved 1048576K
}
Event: 5.554 GC heap after
{Heap after GC invocations=10 (full 0):
 garbage-first heap   total reserved 8388608K, committed 98304K, used 35366K [0x0000000600000000, 0x0000000800000000)
  region size 4096K, 2 young (8192K), 2 survivors (8192K)
 Metaspace       used 36910K, committed 37952K, reserved 1114112K
  class space    used 5277K, committed 5760K, reserved 1048576K
}
Event: 8.241 GC heap before
{Heap before GC invocations=10 (full 0):
 garbage-first heap   total reserved 8388608K, committed 98304K, used 72230K [0x0000000600000000, 0x0000000800000000)
  region size 4096K, 12 young (49152K), 2 survivors (8192K)
 Metaspace       used 40709K, committed 41984K, reserved 1114112K
  class space    used 5706K, committed 6272K, reserved 1048576K
}
Event: 8.249 GC heap after
{Heap after GC invocations=11 (full 0):
 garbage-first heap   total reserved 8388608K, committed 98304K, used 38980K [0x0000000600000000, 0x0000000800000000)
  region size 4096K, 2 young (8192K), 2 survivors (8192K)
 Metaspace       used 40709K, committed 41984K, reserved 1114112K
  class space    used 5706K, committed 6272K, reserved 1048576K
}
Event: 10.344 GC heap before
{Heap before GC invocations=11 (full 0):
 garbage-first heap   total reserved 8388608K, committed 98304K, used 79940K [0x0000000600000000, 0x0000000800000000)
  region size 4096K, 12 young (49152K), 2 survivors (8192K)
 Metaspace       used 43454K, committed 44992K, reserved 1114112K
  class space    used 6182K, committed 6912K, reserved 1048576K
}
Event: 10.375 GC heap after
{Heap after GC invocations=12 (full 0):
 garbage-first heap   total reserved 8388608K, committed 98304K, used 41214K [0x0000000600000000, 0x0000000800000000)
  region size 4096K, 2 young (8192K), 2 survivors (8192K)
 Metaspace       used 43454K, committed 44992K, reserved 1114112K
  class space    used 6182K, committed 6912K, reserved 1048576K
}
Event: 11.666 GC heap before
{Heap before GC invocations=12 (full 0):
 garbage-first heap   total reserved 8388608K, committed 98304K, used 78078K [0x0000000600000000, 0x0000000800000000)
  region size 4096K, 11 young (45056K), 2 survivors (8192K)
 Metaspace       used 46594K, committed 48320K, reserved 1114112K
  class space    used 6723K, committed 7552K, reserved 1048576K
}
Event: 11.670 GC heap after
{Heap after GC invocations=13 (full 0):
 garbage-first heap   total reserved 8388608K, committed 98304K, used 42931K [0x0000000600000000, 0x0000000800000000)
  region size 4096K, 1 young (4096K), 1 survivors (4096K)
 Metaspace       used 46594K, committed 48320K, reserved 1114112K
  class space    used 6723K, committed 7552K, reserved 1048576K
}
Event: 12.119 GC heap before
{Heap before GC invocations=13 (full 0):
 garbage-first heap   total reserved 8388608K, committed 98304K, used 83891K [0x0000000600000000, 0x0000000800000000)
  region size 4096K, 11 young (45056K), 1 survivors (4096K)
 Metaspace       used 49039K, committed 50880K, reserved 1114112K
  class space    used 7132K, committed 8000K, reserved 1048576K
}
Event: 12.123 GC heap after
{Heap after GC invocations=14 (full 0):
 garbage-first heap   total reserved 8388608K, committed 98304K, used 45200K [0x0000000600000000, 0x0000000800000000)
  region size 4096K, 2 young (8192K), 2 survivors (8192K)
 Metaspace       used 49039K, committed 50880K, reserved 1114112K
  class space    used 7132K, committed 8000K, reserved 1048576K
}
Event: 12.591 GC heap before
{Heap before GC invocations=14 (full 0):
 garbage-first heap   total reserved 8388608K, committed 98304K, used 77968K [0x0000000600000000, 0x0000000800000000)
  region size 4096K, 10 young (40960K), 2 survivors (8192K)
 Metaspace       used 52003K, committed 53888K, reserved 1114112K
  class space    used 7614K, committed 8512K, reserved 1048576K
}
Event: 12.596 GC heap after
{Heap after GC invocations=15 (full 0):
 garbage-first heap   total reserved 8388608K, committed 98304K, used 46640K [0x0000000600000000, 0x0000000800000000)
  region size 4096K, 2 young (8192K), 2 survivors (8192K)
 Metaspace       used 52003K, committed 53888K, reserved 1114112K
  class space    used 7614K, committed 8512K, reserved 1048576K
}
Event: 13.018 GC heap before
{Heap before GC invocations=15 (full 0):
 garbage-first heap   total reserved 8388608K, committed 98304K, used 75312K [0x0000000600000000, 0x0000000800000000)
  region size 4096K, 9 young (36864K), 2 survivors (8192K)
 Metaspace       used 54066K, committed 55936K, reserved 1114112K
  class space    used 7959K, committed 8832K, reserved 1048576K
}
Event: 13.023 GC heap after
{Heap after GC invocations=16 (full 0):
 garbage-first heap   total reserved 8388608K, committed 118784K, used 50453K [0x0000000600000000, 0x0000000800000000)
  region size 4096K, 2 young (8192K), 2 survivors (8192K)
 Metaspace       used 54066K, committed 55936K, reserved 1114112K
  class space    used 7959K, committed 8832K, reserved 1048576K
}
Event: 13.697 GC heap before
{Heap before GC invocations=17 (full 0):
 garbage-first heap   total reserved 8388608K, committed 118784K, used 99605K [0x0000000600000000, 0x0000000800000000)
  region size 4096K, 14 young (57344K), 2 survivors (8192K)
 Metaspace       used 57812K, committed 59776K, reserved 1114112K
  class space    used 8556K, committed 9472K, reserved 1048576K
}
Event: 13.702 GC heap after
{Heap after GC invocations=18 (full 0):
 garbage-first heap   total reserved 8388608K, committed 118784K, used 52886K [0x0000000600000000, 0x0000000800000000)
  region size 4096K, 2 young (8192K), 2 survivors (8192K)
 Metaspace       used 57812K, committed 59776K, reserved 1114112K
  class space    used 8556K, committed 9472K, reserved 1048576K
}
Event: 17.850 GC heap before
{Heap before GC invocations=18 (full 0):
 garbage-first heap   total reserved 8388608K, committed 118784K, used 97942K [0x0000000600000000, 0x0000000800000000)
  region size 4096K, 13 young (53248K), 2 survivors (8192K)
 Metaspace       used 61910K, committed 64000K, reserved 1114112K
  class space    used 9138K, committed 10112K, reserved 1048576K
}
Event: 17.856 GC heap after
{Heap after GC invocations=19 (full 0):
 garbage-first heap   total reserved 8388608K, committed 118784K, used 60081K [0x0000000600000000, 0x0000000800000000)
  region size 4096K, 2 young (8192K), 2 survivors (8192K)
 Metaspace       used 61910K, committed 64000K, reserved 1114112K
  class space    used 9138K, committed 10112K, reserved 1048576K
}
Event: 18.448 GC heap before
{Heap before GC invocations=19 (full 0):
 garbage-first heap   total reserved 8388608K, committed 118784K, used 101041K [0x0000000600000000, 0x0000000800000000)
  region size 4096K, 12 young (49152K), 2 survivors (8192K)
 Metaspace       used 65895K, committed 68032K, reserved 1114112K
  class space    used 9664K, committed 10688K, reserved 1048576K
}
Event: 18.452 GC heap after
{Heap after GC invocations=20 (full 0):
 garbage-first heap   total reserved 8388608K, committed 118784K, used 62665K [0x0000000600000000, 0x0000000800000000)
  region size 4096K, 1 young (4096K), 1 survivors (4096K)
 Metaspace       used 65895K, committed 68032K, reserved 1114112K
  class space    used 9664K, committed 10688K, reserved 1048576K
}

